<?xml version="1.0" encoding="UTF-8"?>
<!-- Generated by org.testng.reporters.JUnitReportReporter -->
<testsuite hostname="DESKTOP-55C00D3" failures="0" tests="1" name="duplicate.some" time="0.004" errors="0" timestamp="2021-09-02T12:17:10 IST" skipped="0">
  <testcase classname="duplicate.some" name="test" time="0.004"/>
  <system-out/>
</testsuite> <!-- duplicate.some -->
